<?xml version="1.0" encoding="UTF-8"?>
<!-- Generated by org.testng.reporters.JUnitReportReporter -->
<testsuite hostname="mohit-PC" name="MavenTest.com.MavenProject.SetDownLoadPath" tests="1" failures="0" timestamp="13 Dec 2018 17:54:52 GMT" time="10.129" errors="0">
  <testcase name="alert" time="10.129" classname="MavenTest.com.MavenProject.SetDownLoadPath"/>
</testsuite> <!-- MavenTest.com.MavenProject.SetDownLoadPath -->
