<?xml version="1.0" encoding="UTF-8"?>
<!-- Generated by org.testng.reporters.JUnitReportReporter -->
<testsuite hostname="mohit-PC" name="MavenTest.com.MavenProject.App" tests="2" failures="0" timestamp="7 Feb 2019 18:33:11 GMT" time="0.032" errors="0">
  <testcase name="test1" time="0.032" classname="MavenTest.com.MavenProject.App"/>
  <testcase name="test3" time="0.000" classname="MavenTest.com.MavenProject.App"/>
</testsuite> <!-- MavenTest.com.MavenProject.App -->
