<?xml version="1.0" encoding="UTF-8"?>
<!-- Generated by org.testng.reporters.JUnitReportReporter -->
<testsuite hostname="mohit-PC" name="MavenTest.com.MavenProject.TestTestNg" tests="1" failures="0" timestamp="1 Dec 2018 09:27:48 GMT" time="14.659" errors="0">
  <testcase name="verifyShopingCard" time="14.659" classname="MavenTest.com.MavenProject.TestTestNg"/>
</testsuite> <!-- MavenTest.com.MavenProject.TestTestNg -->
