<?xml version="1.0" encoding="UTF-8"?>
<!-- Generated by org.testng.reporters.JUnitReportReporter -->
<testsuite hostname="mohit-PC" name="MavenTest.com.MavenProject.ExplicitWait" tests="1" failures="0" timestamp="2 Dec 2018 04:50:56 GMT" time="2.973" errors="0">
  <testcase name="verifyExplicitWait" time="2.973" classname="MavenTest.com.MavenProject.ExplicitWait"/>
</testsuite> <!-- MavenTest.com.MavenProject.ExplicitWait -->
