<?xml version="1.0" encoding="UTF-8"?>
<!-- Generated by org.testng.reporters.JUnitReportReporter -->
<testsuite hostname="mohit-PC" name="MavenTest.com.MavenProject.WebTableScenarios" tests="1" failures="0" timestamp="5 Dec 2018 03:27:23 GMT" time="2.233" errors="0">
  <testcase name="getCompanyPrice" time="2.233" classname="MavenTest.com.MavenProject.WebTableScenarios"/>
</testsuite> <!-- MavenTest.com.MavenProject.WebTableScenarios -->
