<?xml version="1.0" encoding="UTF-8"?>
<!-- Generated by org.testng.reporters.JUnitReportReporter -->
<testsuite hostname="mohit-PC" name="MavenTest.com.MavenProject.TestQA" tests="3" failures="0" timestamp="9 Jan 2019 17:17:46 GMT" time="0.046" errors="0">
  <testcase name="test3" time="0.000" classname="MavenTest.com.MavenProject.TestQA"/>
  <testcase name="test1" time="0.036" classname="MavenTest.com.MavenProject.TestQA"/>
  <testcase name="test2" time="0.010" classname="MavenTest.com.MavenProject.TestQA"/>
</testsuite> <!-- MavenTest.com.MavenProject.TestQA -->
