<?xml version="1.0" encoding="UTF-8"?>
<!-- Generated by org.testng.reporters.JUnitReportReporter -->
<testsuite hostname="mohit-PC" name="MavenTest.com.MavenProject.HandleCookies" tests="1" failures="0" timestamp="10 Dec 2018 17:27:49 GMT" time="14.384" errors="0">
  <testcase name="verifyShopingCard" time="14.384" classname="MavenTest.com.MavenProject.HandleCookies"/>
</testsuite> <!-- MavenTest.com.MavenProject.HandleCookies -->
