<?xml version="1.0" encoding="UTF-8"?>
<!-- Generated by org.testng.reporters.JUnitReportReporter -->
<testsuite hostname="mohit-PC" name="MavenTest.com.MavenProject.HandleIframe" tests="1" failures="0" timestamp="2 Dec 2018 11:07:41 GMT" time="7.672" errors="0">
  <testcase name="handleIFrames" time="7.672" classname="MavenTest.com.MavenProject.HandleIframe"/>
</testsuite> <!-- MavenTest.com.MavenProject.HandleIframe -->
