<?xml version="1.0" encoding="UTF-8"?>
<!-- Generated by org.testng.reporters.JUnitReportReporter -->
<testsuite hostname="mohit-PC" name="MavenTest.com.MavenProject.JavaScriptExecutor" tests="1" failures="0" timestamp="10 Dec 2018 18:06:22 GMT" time="43.786" errors="0">
  <testcase name="alert" time="43.786" classname="MavenTest.com.MavenProject.JavaScriptExecutor"/>
</testsuite> <!-- MavenTest.com.MavenProject.JavaScriptExecutor -->
