<?xml version="1.0" encoding="UTF-8"?>
<!-- Generated by org.testng.reporters.JUnitReportReporter -->
<testsuite hostname="mohit-PC" name="MavenTest.com.MavenProject.HandleAlert" tests="1" failures="0" timestamp="2 Dec 2018 05:59:52 GMT" time="3.108" errors="0">
  <testcase name="alert" time="3.108" classname="MavenTest.com.MavenProject.HandleAlert"/>
</testsuite> <!-- MavenTest.com.MavenProject.HandleAlert -->
