<?xml version="1.0" encoding="UTF-8"?>
<!-- Generated by org.testng.reporters.JUnitReportReporter -->
<testsuite hostname="mohit-PC" name="MavenTest.com.MavenProject.UploadFile" tests="1" failures="0" timestamp="13 Dec 2018 16:58:23 GMT" time="11.509" errors="0">
  <testcase name="alert" time="11.509" classname="MavenTest.com.MavenProject.UploadFile"/>
</testsuite> <!-- MavenTest.com.MavenProject.UploadFile -->
