<?xml version="1.0" encoding="UTF-8"?>
<!-- Generated by org.testng.reporters.JUnitReportReporter -->
<testsuite hostname="mohit-PC" name="MavenTest.com.MavenProject.WinHandle" tests="1" failures="0" timestamp="2 Dec 2018 06:57:26 GMT" time="10.587" errors="0">
  <testcase name="winHandle" time="10.587" classname="MavenTest.com.MavenProject.WinHandle"/>
</testsuite> <!-- MavenTest.com.MavenProject.WinHandle -->
