<?xml version="1.0" encoding="UTF-8"?>
<!-- Generated by org.testng.reporters.JUnitReportReporter -->
<testsuite hostname="mohit-PC" name="MavenTest.com.MavenProject.App" tests="2" failures="0" timestamp="10 Jan 2019 17:35:15 GMT" time="0.045" errors="0">
  <testcase name="test1" time="0.040" classname="MavenTest.com.MavenProject.App"/>
  <testcase name="test3" time="0.005" classname="MavenTest.com.MavenProject.App"/>
</testsuite> <!-- MavenTest.com.MavenProject.App -->
