<?xml version="1.0" encoding="UTF-8"?>
<!-- Generated by org.testng.reporters.JUnitReportReporter -->
<testsuite hostname="mohit-PC" name="MavenTest.com.MavenProject.AppTest" tests="5" failures="0" timestamp="7 Feb 2019 18:41:55 GMT" time="46.080" errors="0">
  <testcase name="verifyCommit" time="0.007" classname="MavenTest.com.MavenProject.AppTest"/>
  <testcase name="verifyCNNLinks" time="27.804" classname="MavenTest.com.MavenProject.AppTest"/>
  <testcase name="verifyCommit2" time="0.000" classname="MavenTest.com.MavenProject.AppTest"/>
  <testcase name="verifyShopingCard" time="18.267" classname="MavenTest.com.MavenProject.AppTest"/>
  <testcase name="testPullCommit" time="0.002" classname="MavenTest.com.MavenProject.AppTest"/>
</testsuite> <!-- MavenTest.com.MavenProject.AppTest -->
